Using pre-set license

 COMMAND LINE ARGUMENTS:
/Applications/Unity projects/2020.3.11f1/Unity.app/Contents/MacOS/Unity
-adb2
-batchMode
-noUpm
-name
AssetImportWorker0
-projectPath
/Users/kamali.suthakaran/Desktop/College/Reecedemo1
-logFile
Logs/AssetImportWorker0.log
-srvPort
61628
Successfully changed project path to: /Users/kamali.suthakaran/Desktop/College/Reecedemo1
/Users/kamali.suthakaran/Desktop/College/Reecedemo1
Using Asset Import Pipeline V2.
Refreshing native plugins compatible for Editor in 31.63 ms, found 2 plugins.
Preloading 0 native plugins for Editor in 0.00 ms.
Initialize engine version: 2020.3.11f1 (99c7afb366b3)
[Subsystems] Discovering subsystems at path /Applications/Unity projects/2020.3.11f1/Unity.app/Contents/Resources/UnitySubsystems
[Subsystems] Discovering subsystems at path /Users/kamali.suthakaran/Desktop/College/Reecedemo1/Assets
GfxDevice: creating device client; threaded=0
2022-02-06 13:47:13.453 Unity[7298:169318] Color LCD preferred device: Intel(R) UHD Graphics 630 (low power)
2022-02-06 13:47:13.453 Unity[7298:169318] Metal devices available: 2
2022-02-06 13:47:13.453 Unity[7298:169318] 0: AMD Radeon Pro 555X (high power)
2022-02-06 13:47:13.453 Unity[7298:169318] 1: Intel(R) UHD Graphics 630 (low power)
2022-02-06 13:47:13.453 Unity[7298:169318] Using device AMD Radeon Pro 555X (high power)
Initializing Metal device caps: AMD Radeon Pro 555X
Initialize mono
Mono path[0] = '/Applications/Unity projects/2020.3.11f1/Unity.app/Contents/Managed'
Mono path[1] = '/Applications/Unity projects/2020.3.11f1/Unity.app/Contents/MonoBleedingEdge/lib/mono/unityjit'
Mono config path = '/Applications/Unity projects/2020.3.11f1/Unity.app/Contents/MonoBleedingEdge/etc'
Using monoOptions --debugger-agent=transport=dt_socket,embedding=1,server=y,suspend=n,address=127.0.0.1:56298
Begin MonoManager ReloadAssembly
Registering precompiled unity dll's ...
Register platform support module: /Applications/Unity projects/2020.3.11f1/Unity.app/Contents/PlaybackEngines/MacStandaloneSupport/UnityEditor.OSXStandalone.Extensions.dll
Registered in 0.000732 seconds.
Native extension for OSXStandalone target not found
Refreshing native plugins compatible for Editor in 25.44 ms, found 2 plugins.
Preloading 0 native plugins for Editor in 0.00 ms.
Mono: successfully reloaded assembly
- Completed reload, in  5.412 seconds
Platform modules already initialized, skipping
Registering precompiled user dll's ...
Registered in 0.003154 seconds.
Begin MonoManager ReloadAssembly
Native extension for OSXStandalone target not found
Refreshing native plugins compatible for Editor in 0.28 ms, found 2 plugins.
Preloading 0 native plugins for Editor in 0.00 ms.
Mono: successfully reloaded assembly
- Completed reload, in  1.061 seconds
Platform modules already initialized, skipping
========================================================================
Worker process is ready to serve import requests
Launching external process: /Applications/Unity projects/2020.3.11f1/Unity.app/Contents/Tools/UnityShaderCompiler
Launched and connected shader compiler UnityShaderCompiler after 0.01 seconds
Refreshing native plugins compatible for Editor in 0.36 ms, found 2 plugins.
Preloading 0 native plugins for Editor in 0.00 ms.
Unloading 1386 Unused Serialized files (Serialized files now loaded: 0)
System memory in use before: 168.2 MB.
System memory in use after: 168.2 MB.

Unloading 19 unused Assets to reduce memory usage. Loaded Objects now: 1819.
Total: 1.927100 ms (FindLiveObjects: 0.156694 ms CreateObjectMapping: 0.046274 ms MarkObjects: 1.639341 ms  DeleteObjects: 0.083919 ms)

========================================================================
Received Import Request.
  path: Packages/com.unity.collab-proxy/package.json
  artifactKey: Guid(743fda8c4b219c8429fb5a77ede1c879) Importer(815301076,1909f56bfc062723c751e8b465ee728b)
Start importing Packages/com.unity.collab-proxy/package.json using Guid(743fda8c4b219c8429fb5a77ede1c879) Importer(815301076,1909f56bfc062723c751e8b465ee728b)  -> (artifact id: '22711bbe2ecf9b7a08a2aa13e19b453b') in 0.400760 seconds
  Import took 0.402983 seconds .

========================================================================
Received Import Request.
  Time since last request: 0.000240 seconds.
  path: Packages/com.unity.collab-proxy/Tests
  artifactKey: Guid(f14311c132be48342a010833293cf97b) Importer(815301076,1909f56bfc062723c751e8b465ee728b)
Start importing Packages/com.unity.collab-proxy/Tests using Guid(f14311c132be48342a010833293cf97b) Importer(815301076,1909f56bfc062723c751e8b465ee728b)  -> (artifact id: '8b83c880d4cc7e8bb341d8293330ced9') in 0.003104 seconds
  Import took 0.005165 seconds .

========================================================================
Received Import Request.
  Time since last request: 0.000257 seconds.
  path: Packages/com.unity.collab-proxy/Tests/Editor
  artifactKey: Guid(b8e4d0db015969e4b807acc03df70d15) Importer(815301076,1909f56bfc062723c751e8b465ee728b)
Start importing Packages/com.unity.collab-proxy/Tests/Editor using Guid(b8e4d0db015969e4b807acc03df70d15) Importer(815301076,1909f56bfc062723c751e8b465ee728b)  -> (artifact id: '202c8706c725c423f829a10e32f2982b') in 0.003543 seconds
  Import took 0.006341 seconds .

========================================================================
Received Import Request.
  Time since last request: 0.000179 seconds.
  path: Packages/com.unity.collab-proxy/Tests/Editor/PlasticSCM
  artifactKey: Guid(015928784c946c147872bb8545628fb9) Importer(815301076,1909f56bfc062723c751e8b465ee728b)
Start importing Packages/com.unity.collab-proxy/Tests/Editor/PlasticSCM using Guid(015928784c946c147872bb8545628fb9) Importer(815301076,1909f56bfc062723c751e8b465ee728b)  -> (artifact id: '991a5e7ecec75f94cbc46ef7a460c28f') in 0.003689 seconds
  Import took 0.006162 seconds .

========================================================================
Received Import Request.
  Time since last request: 0.000199 seconds.
  path: Packages/com.unity.collab-proxy/Tests/Editor/PlasticSCM/Unity.PlasticSCM.EditorTests.asmdef
  artifactKey: Guid(d2a21ff323ae84455892cb5f59624640) Importer(815301076,1909f56bfc062723c751e8b465ee728b)
Start importing Packages/com.unity.collab-proxy/Tests/Editor/PlasticSCM/Unity.PlasticSCM.EditorTests.asmdef using Guid(d2a21ff323ae84455892cb5f59624640) Importer(815301076,1909f56bfc062723c751e8b465ee728b)  -> (artifact id: 'e279aa255b78ecdc828a9e0b6d51733a') in 0.132715 seconds
  Import took 0.135344 seconds .

========================================================================
Received Import Request.
  Time since last request: 0.000353 seconds.
  path: Packages/com.unity.ide.rider
  artifactKey: Guid(ea5aa18a49e4f29d74984ea0ea11a238) Importer(815301076,1909f56bfc062723c751e8b465ee728b)
Start importing Packages/com.unity.ide.rider using Guid(ea5aa18a49e4f29d74984ea0ea11a238) Importer(815301076,1909f56bfc062723c751e8b465ee728b)  -> (artifact id: '38d02623396ab86594f3405d33b9714f') in 0.003188 seconds
  Import took 0.005493 seconds .

========================================================================
Received Import Request.
  Time since last request: 0.000217 seconds.
  path: Packages/com.unity.ugui/package.json
  artifactKey: Guid(319b8889f363f5947acf209c17a94149) Importer(815301076,1909f56bfc062723c751e8b465ee728b)
Start importing Packages/com.unity.ugui/package.json using Guid(319b8889f363f5947acf209c17a94149) Importer(815301076,1909f56bfc062723c751e8b465ee728b)  -> (artifact id: '39d1f12f0f4420a8b9dea50868bbb5d0') in 0.006762 seconds
  Import took 0.008960 seconds .

========================================================================
Received Import Request.
  Time since last request: 0.000209 seconds.
  path: Packages/com.unity.timeline/package.json
  artifactKey: Guid(13a9c1b4df2e489e8eb9cacca7429596) Importer(815301076,1909f56bfc062723c751e8b465ee728b)
Start importing Packages/com.unity.timeline/package.json using Guid(13a9c1b4df2e489e8eb9cacca7429596) Importer(815301076,1909f56bfc062723c751e8b465ee728b)  -> (artifact id: '82c6c08db8f434b9305b26de0687e812') in 0.007629 seconds
  Import took 0.009974 seconds .

========================================================================
Received Import Request.
  Time since last request: 0.000258 seconds.
  path: Packages/com.unity.ide.rider/package.json
  artifactKey: Guid(66c95bb3c74257f41bae2622511dc02d) Importer(815301076,1909f56bfc062723c751e8b465ee728b)
Start importing Packages/com.unity.ide.rider/package.json using Guid(66c95bb3c74257f41bae2622511dc02d) Importer(815301076,1909f56bfc062723c751e8b465ee728b)  -> (artifact id: 'ff96f7b61e94a0dc9b975679be81ead9') in 0.006335 seconds
  Import took 0.008692 seconds .

========================================================================
Received Import Request.
  Time since last request: 0.084229 seconds.
  path: Packages/com.unity.collab-proxy/Tests/Editor/PlasticSCM/AssetMenu
  artifactKey: Guid(8d553feb6895d524faaab6ced320d321) Importer(815301076,1909f56bfc062723c751e8b465ee728b)
Start importing Packages/com.unity.collab-proxy/Tests/Editor/PlasticSCM/AssetMenu using Guid(8d553feb6895d524faaab6ced320d321) Importer(815301076,1909f56bfc062723c751e8b465ee728b)  -> (artifact id: '6288765b817bb71fc8d9a3b79cd692d1') in 0.003989 seconds
  Import took 0.006776 seconds .

========================================================================
Received Import Request.
  Time since last request: 0.005800 seconds.
  path: Packages/com.unity.collab-proxy/Tests/Editor/PlasticSCM/AssetMenu
  artifactKey: Guid(8d553feb6895d524faaab6ced320d321) Importer(815301076,1909f56bfc062723c751e8b465ee728b)
Start importing Packages/com.unity.collab-proxy/Tests/Editor/PlasticSCM/AssetMenu using Guid(8d553feb6895d524faaab6ced320d321) Importer(815301076,1909f56bfc062723c751e8b465ee728b)  -> (artifact id: '6288765b817bb71fc8d9a3b79cd692d1') in 0.003575 seconds
  Import took 0.006618 seconds .

========================================================================
Received Import Request.
  Time since last request: 1.023613 seconds.
  path: Packages/com.unity.collab-proxy/Tests/Editor/PlasticSCM/AssetMenu/AssetMenuUpdaterTests.cs
  artifactKey: Guid(c736f932618521c42bb0a6a6e1ddc141) Importer(815301076,1909f56bfc062723c751e8b465ee728b)
Start importing Packages/com.unity.collab-proxy/Tests/Editor/PlasticSCM/AssetMenu/AssetMenuUpdaterTests.cs using Guid(c736f932618521c42bb0a6a6e1ddc141) Importer(815301076,1909f56bfc062723c751e8b465ee728b)  -> (artifact id: '54e1a60a660b9cd7b89e668d6f27f808') in 0.147976 seconds
  Import took 0.150266 seconds .

